-------------------------------------------------------------------------------
Test set: dev.m3s.programming2.homework1.NullTests
-------------------------------------------------------------------------------
Tests run: 6, Failures: 0, Errors: 5, Skipped: 1, Time elapsed: 0.027 s <<< FAILURE! - in dev.m3s.programming2.homework1.NullTests
dev.m3s.programming2.homework1.NullTests.titleOfMasterThesisNullTest  Time elapsed: 0.004 s  <<< ERROR!
dev.m3s.maeaettae.jreq.RequirementException: 
None of the classes in ⟨dev.m3s.programming2.homework1⟩ meet the requirements for ⟨Student⟩
	a. The class should have name ⟨Student⟩	(0 matches)

	Closest matches:
	~> class RegexMatcher extends BaseMatcher<String>
	~> class V2MethodTests extends H1
	~> class MockStudent
	~> class ConstructorTests
	~> class CanGraduateTests
	~> class SetterTests
	~> class NullTests
	~> class GetterTests
	~> class AttributeTests
	~> class HasGraduatedTests
	~> private static class Expected <T>
	~> class SetGraduationYearTests
	~> class extends Iterator<String>
	~> class H1Matcher <T> extends BaseMatcher<T>
	~> class H1
	~> class OptionalTests
	~> class ToStringTests
	~> class ConstantValuesTests
	at dev.m3s.programming2.homework1.NullTests.setUp(NullTests.java:22)

dev.m3s.programming2.homework1.NullTests.firstNameNullTests  Time elapsed: 0.003 s  <<< ERROR!
dev.m3s.maeaettae.jreq.RequirementException: 
None of the classes in ⟨dev.m3s.programming2.homework1⟩ meet the requirements for ⟨Student⟩
	a. The class should have name ⟨Student⟩	(0 matches)

	Closest matches:
	~> class H1
	~> class SetterTests
	~> class ConstructorTests
	~> class NullTests
	~> class ToStringTests
	~> class GetterTests
	~> class V2MethodTests extends H1
	~> class CanGraduateTests
	~> class ConstantValuesTests
	~> private static class Expected <T>
	~> class MockStudent
	~> class AttributeTests
	~> class extends Iterator<String>
	~> class RegexMatcher extends BaseMatcher<String>
	~> class HasGraduatedTests
	~> class H1Matcher <T> extends BaseMatcher<T>
	~> class SetGraduationYearTests
	~> class OptionalTests
	at dev.m3s.programming2.homework1.NullTests.setUp(NullTests.java:22)

dev.m3s.programming2.homework1.NullTests.parameterizedConstructorNullTests  Time elapsed: 0.002 s  <<< ERROR!
dev.m3s.maeaettae.jreq.RequirementException: 
None of the classes in ⟨dev.m3s.programming2.homework1⟩ meet the requirements for ⟨Student⟩
	a. The class should have name ⟨Student⟩	(0 matches)

	Closest matches:
	~> class CanGraduateTests
	~> class ConstructorTests
	~> class H1
	~> class SetterTests
	~> class OptionalTests
	~> class ConstantValuesTests
	~> class ToStringTests
	~> private static class Expected <T>
	~> class AttributeTests
	~> class extends Iterator<String>
	~> class SetGraduationYearTests
	~> class HasGraduatedTests
	~> class RegexMatcher extends BaseMatcher<String>
	~> class V2MethodTests extends H1
	~> class H1Matcher <T> extends BaseMatcher<T>
	~> class GetterTests
	~> class NullTests
	~> class MockStudent
	at dev.m3s.programming2.homework1.NullTests.setUp(NullTests.java:22)

dev.m3s.programming2.homework1.NullTests.lastNameNullTests  Time elapsed: 0.002 s  <<< ERROR!
dev.m3s.maeaettae.jreq.RequirementException: 
None of the classes in ⟨dev.m3s.programming2.homework1⟩ meet the requirements for ⟨Student⟩
	a. The class should have name ⟨Student⟩	(0 matches)

	Closest matches:
	~> class RegexMatcher extends BaseMatcher<String>
	~> class AttributeTests
	~> class H1Matcher <T> extends BaseMatcher<T>
	~> class H1
	~> class SetterTests
	~> class V2MethodTests extends H1
	~> class ConstructorTests
	~> class CanGraduateTests
	~> class OptionalTests
	~> class GetterTests
	~> private static class Expected <T>
	~> class MockStudent
	~> class ConstantValuesTests
	~> class NullTests
	~> class SetGraduationYearTests
	~> class ToStringTests
	~> class HasGraduatedTests
	~> class extends Iterator<String>
	at dev.m3s.programming2.homework1.NullTests.setUp(NullTests.java:22)

dev.m3s.programming2.homework1.NullTests.titleOfBachelorThesisNullTests  Time elapsed: 0.003 s  <<< ERROR!
dev.m3s.maeaettae.jreq.RequirementException: 
None of the classes in ⟨dev.m3s.programming2.homework1⟩ meet the requirements for ⟨Student⟩
	a. The class should have name ⟨Student⟩	(0 matches)

	Closest matches:
	~> class ToStringTests
	~> class AttributeTests
	~> class CanGraduateTests
	~> class RegexMatcher extends BaseMatcher<String>
	~> class extends Iterator<String>
	~> class MockStudent
	~> class ConstantValuesTests
	~> class SetterTests
	~> class H1Matcher <T> extends BaseMatcher<T>
	~> class HasGraduatedTests
	~> class ConstructorTests
	~> class NullTests
	~> class SetGraduationYearTests
	~> class GetterTests
	~> class OptionalTests
	~> private static class Expected <T>
	~> class V2MethodTests extends H1
	~> class H1
	at dev.m3s.programming2.homework1.NullTests.setUp(NullTests.java:22)

