<?xml version="1.0" encoding="UTF-8"?>
<testsuite xmlns:xsi="http://www.w3.org/2001/XMLSchema-instance" xsi:noNamespaceSchemaLocation="https://maven.apache.org/surefire/maven-surefire-plugin/xsd/surefire-test-report-3.0.xsd" version="3.0" name="dev.m3s.programming2.homework1.NullTests" time="0.027" tests="6" errors="5" skipped="1" failures="0">
  <properties>
[...]
</properties>
  <testcase name="titleOfMasterThesisNullTest" classname="dev.m3s.programming2.homework1.NullTests" time="0.004">
    <error type="dev.m3s.maeaettae.jreq.RequirementException"><![CDATA[dev.m3s.maeaettae.jreq.RequirementException: 
None of the classes in ⟨dev.m3s.programming2.homework1⟩ meet the requirements for ⟨Student⟩
	a. The class should have name ⟨Student⟩	(0 matches)

	Closest matches:
	~> class RegexMatcher extends BaseMatcher<String>
	~> class V2MethodTests extends H1
	~> class MockStudent
	~> class ConstructorTests
	~> class CanGraduateTests
	~> class SetterTests
	~> class NullTests
	~> class GetterTests
	~> class AttributeTests
	~> class HasGraduatedTests
	~> private static class Expected <T>
	~> class SetGraduationYearTests
	~> class extends Iterator<String>
	~> class H1Matcher <T> extends BaseMatcher<T>
	~> class H1
	~> class OptionalTests
	~> class ToStringTests
	~> class ConstantValuesTests
	at dev.m3s.programming2.homework1.NullTests.setUp(NullTests.java:22)
]]></error>
  </testcase>
  <testcase name="setPersonIdNullTest" classname="dev.m3s.programming2.homework1.NullTests" time="0">
    <skipped message="Environment variable [CI_COMMIT_TAG] does not exist"/>
  </testcase>
  <testcase name="firstNameNullTests" classname="dev.m3s.programming2.homework1.NullTests" time="0.003">
    <error type="dev.m3s.maeaettae.jreq.RequirementException"><![CDATA[dev.m3s.maeaettae.jreq.RequirementException: 
None of the classes in ⟨dev.m3s.programming2.homework1⟩ meet the requirements for ⟨Student⟩
	a. The class should have name ⟨Student⟩	(0 matches)

	Closest matches:
	~> class H1
	~> class SetterTests
	~> class ConstructorTests
	~> class NullTests
	~> class ToStringTests
	~> class GetterTests
	~> class V2MethodTests extends H1
	~> class CanGraduateTests
	~> class ConstantValuesTests
	~> private static class Expected <T>
	~> class MockStudent
	~> class AttributeTests
	~> class extends Iterator<String>
	~> class RegexMatcher extends BaseMatcher<String>
	~> class HasGraduatedTests
	~> class H1Matcher <T> extends BaseMatcher<T>
	~> class SetGraduationYearTests
	~> class OptionalTests
	at dev.m3s.programming2.homework1.NullTests.setUp(NullTests.java:22)
]]></error>
  </testcase>
  <testcase name="parameterizedConstructorNullTests" classname="dev.m3s.programming2.homework1.NullTests" time="0.002">
    <error type="dev.m3s.maeaettae.jreq.RequirementException"><![CDATA[dev.m3s.maeaettae.jreq.RequirementException: 
None of the classes in ⟨dev.m3s.programming2.homework1⟩ meet the requirements for ⟨Student⟩
	a. The class should have name ⟨Student⟩	(0 matches)

	Closest matches:
	~> class CanGraduateTests
	~> class ConstructorTests
	~> class H1
	~> class SetterTests
	~> class OptionalTests
	~> class ConstantValuesTests
	~> class ToStringTests
	~> private static class Expected <T>
	~> class AttributeTests
	~> class extends Iterator<String>
	~> class SetGraduationYearTests
	~> class HasGraduatedTests
	~> class RegexMatcher extends BaseMatcher<String>
	~> class V2MethodTests extends H1
	~> class H1Matcher <T> extends BaseMatcher<T>
	~> class GetterTests
	~> class NullTests
	~> class MockStudent
	at dev.m3s.programming2.homework1.NullTests.setUp(NullTests.java:22)
]]></error>
  </testcase>
  <testcase name="lastNameNullTests" classname="dev.m3s.programming2.homework1.NullTests" time="0.002">
    <error type="dev.m3s.maeaettae.jreq.RequirementException"><![CDATA[dev.m3s.maeaettae.jreq.RequirementException: 
None of the classes in ⟨dev.m3s.programming2.homework1⟩ meet the requirements for ⟨Student⟩
	a. The class should have name ⟨Student⟩	(0 matches)

	Closest matches:
	~> class RegexMatcher extends BaseMatcher<String>
	~> class AttributeTests
	~> class H1Matcher <T> extends BaseMatcher<T>
	~> class H1
	~> class SetterTests
	~> class V2MethodTests extends H1
	~> class ConstructorTests
	~> class CanGraduateTests
	~> class OptionalTests
	~> class GetterTests
	~> private static class Expected <T>
	~> class MockStudent
	~> class ConstantValuesTests
	~> class NullTests
	~> class SetGraduationYearTests
	~> class ToStringTests
	~> class HasGraduatedTests
	~> class extends Iterator<String>
	at dev.m3s.programming2.homework1.NullTests.setUp(NullTests.java:22)
]]></error>
  </testcase>
  <testcase name="titleOfBachelorThesisNullTests" classname="dev.m3s.programming2.homework1.NullTests" time="0.003">
    <error type="dev.m3s.maeaettae.jreq.RequirementException"><![CDATA[dev.m3s.maeaettae.jreq.RequirementException: 
None of the classes in ⟨dev.m3s.programming2.homework1⟩ meet the requirements for ⟨Student⟩
	a. The class should have name ⟨Student⟩	(0 matches)

	Closest matches:
	~> class ToStringTests
	~> class AttributeTests
	~> class CanGraduateTests
	~> class RegexMatcher extends BaseMatcher<String>
	~> class extends Iterator<String>
	~> class MockStudent
	~> class ConstantValuesTests
	~> class SetterTests
	~> class H1Matcher <T> extends BaseMatcher<T>
	~> class HasGraduatedTests
	~> class ConstructorTests
	~> class NullTests
	~> class SetGraduationYearTests
	~> class GetterTests
	~> class OptionalTests
	~> private static class Expected <T>
	~> class V2MethodTests extends H1
	~> class H1
	at dev.m3s.programming2.homework1.NullTests.setUp(NullTests.java:22)
]]></error>
  </testcase>
</testsuite>